2026-04-26 18:23:48,204 - INFO - ==================================================
2026-04-26 18:23:48,204 - INFO - Fetching FULL Premier League 2023/24 Season
2026-04-26 18:23:48,204 - INFO - Estimated time: ~5 minutes
2026-04-26 18:23:48,204 - INFO - ==================================================
2026-04-26 18:23:48,713 - INFO - ✅ Matchday 1/38 — 10 matches fetched
2026-04-26 18:23:56,051 - INFO - ✅ Matchday 2/38 — 10 matches fetched
2026-04-26 18:24:03,691 - INFO - ✅ Matchday 3/38 — 10 matches fetched
2026-04-26 18:24:11,002 - INFO - ✅ Matchday 4/38 — 10 matches fetched
2026-04-26 18:24:18,331 - INFO - ✅ Matchday 5/38 — 10 matches fetched
2026-04-26 18:24:25,645 - INFO - ✅ Matchday 6/38 — 10 matches fetched
2026-04-26 18:24:32,959 - INFO - ✅ Matchday 7/38 — 10 matches fetched
2026-04-26 18:24:40,290 - INFO - ✅ Matchday 8/38 — 10 matches fetched
2026-04-26 18:24:47,619 - INFO - ✅ Matchday 9/38 — 10 matches fetched
2026-04-26 18:24:54,977 - INFO - ✅ Matchday 10/38 — 10 matches fetched
2026-04-26 18:25:02,569 - INFO - ✅ Matchday 11/38 — 10 matches fetched
2026-04-26 18:25:09,945 - INFO - ✅ Matchday 12/38 — 10 matches fetched
2026-04-26 18:25:17,425 - INFO - ✅ Matchday 13/38 — 10 matches fetched
2026-04-26 18:25:24,879 - INFO - ✅ Matchday 14/38 — 10 matches fetched
2026-04-26 18:25:32,250 - INFO - ✅ Matchday 15/38 — 10 matches fetched
2026-04-26 18:25:39,622 - INFO - ✅ Matchday 16/38 — 10 matches fetched
2026-04-26 18:25:46,939 - INFO - ✅ Matchday 17/38 — 10 matches fetched
2026-04-26 18:25:54,403 - INFO - ✅ Matchday 18/38 — 10 matches fetched
2026-04-26 18:26:02,004 - INFO - ✅ Matchday 19/38 — 10 matches fetched
2026-04-26 18:26:09,429 - INFO - ✅ Matchday 20/38 — 10 matches fetched
2026-04-26 18:26:16,814 - INFO - ✅ Matchday 21/38 — 10 matches fetched
2026-04-26 18:26:24,135 - INFO - ✅ Matchday 22/38 — 10 matches fetched
2026-04-26 18:26:31,479 - INFO - ✅ Matchday 23/38 — 10 matches fetched
2026-04-26 18:26:38,810 - INFO - ✅ Matchday 24/38 — 10 matches fetched
2026-04-26 18:26:46,124 - INFO - ✅ Matchday 25/38 — 10 matches fetched
2026-04-26 18:26:53,553 - INFO - ✅ Matchday 26/38 — 10 matches fetched
2026-04-26 18:27:00,893 - INFO - ✅ Matchday 27/38 — 10 matches fetched
2026-04-26 18:27:08,267 - INFO - ✅ Matchday 28/38 — 10 matches fetched
2026-04-26 18:27:15,681 - INFO - ✅ Matchday 29/38 — 10 matches fetched
2026-04-26 18:27:23,044 - INFO - ✅ Matchday 30/38 — 10 matches fetched
2026-04-26 18:27:30,405 - INFO - ✅ Matchday 31/38 — 10 matches fetched
2026-04-26 18:27:37,724 - INFO - ✅ Matchday 32/38 — 10 matches fetched
2026-04-26 18:27:45,033 - INFO - ✅ Matchday 33/38 — 10 matches fetched
2026-04-26 18:27:52,435 - INFO - ✅ Matchday 34/38 — 10 matches fetched
2026-04-26 18:27:59,807 - INFO - ✅ Matchday 35/38 — 10 matches fetched
2026-04-26 18:28:07,385 - INFO - ✅ Matchday 36/38 — 10 matches fetched
2026-04-26 18:28:14,717 - INFO - ✅ Matchday 37/38 — 10 matches fetched
2026-04-26 18:28:22,131 - INFO - ✅ Matchday 38/38 — 10 matches fetched
2026-04-26 18:28:29,136 - INFO - 
==================================================
2026-04-26 18:28:29,137 - INFO - Fetch Summary:
2026-04-26 18:28:29,137 - INFO -   Total matches: 380
2026-04-26 18:28:29,138 - INFO -   Expected: 380
2026-04-26 18:28:29,140 - INFO -   Success rate: 100.0%
2026-04-26 18:28:29,140 - INFO - ==================================================

2026-04-26 18:28:29,335 - INFO - ✅ Saved 380 matches to matches_raw.csv
2026-04-26 18:28:29,335 - INFO - Pipeline completed successfully! 🎉
